2020-09-03 13:09:15,867 INFO o.a.j.u.JMeterUtils: Setting Locale to zh_CN
2020-09-03 13:09:15,969 INFO o.a.j.JMeter: Loading user properties from: /Users/bjhl/Downloads/software/apache-jmeter-5.2.1/bin/user.properties
2020-09-03 13:09:15,970 INFO o.a.j.JMeter: Loading system properties from: /Users/bjhl/Downloads/software/apache-jmeter-5.2.1/bin/system.properties
2020-09-03 13:09:15,975 INFO o.a.j.JMeter: Copyright (c) 1998-2019 The Apache Software Foundation
2020-09-03 13:09:15,976 INFO o.a.j.JMeter: Version 5.2.1
2020-09-03 13:09:15,976 INFO o.a.j.JMeter: java.version=1.8.0_221
2020-09-03 13:09:15,976 INFO o.a.j.JMeter: java.vm.name=Java HotSpot(TM) 64-Bit Server VM
2020-09-03 13:09:15,976 INFO o.a.j.JMeter: os.name=Mac OS X
2020-09-03 13:09:15,976 INFO o.a.j.JMeter: os.arch=x86_64
2020-09-03 13:09:15,976 INFO o.a.j.JMeter: os.version=10.14.6
2020-09-03 13:09:15,976 INFO o.a.j.JMeter: file.encoding=UTF-8
2020-09-03 13:09:15,976 INFO o.a.j.JMeter: java.awt.headless=null
2020-09-03 13:09:15,976 INFO o.a.j.JMeter: Max memory     =1908932608
2020-09-03 13:09:15,977 INFO o.a.j.JMeter: Available Processors =4
2020-09-03 13:09:16,015 INFO o.a.j.JMeter: Default Locale=中文 (中国)
2020-09-03 13:09:16,016 INFO o.a.j.JMeter: JMeter  Locale=中文 (中国)
2020-09-03 13:09:16,016 INFO o.a.j.JMeter: JMeterHome=/Users/bjhl/Downloads/software/apache-jmeter-5.2.1
2020-09-03 13:09:16,016 INFO o.a.j.JMeter: user.dir  =/Users/bjhl/Desktop/show
2020-09-03 13:09:16,016 INFO o.a.j.JMeter: PWD       =/Users/bjhl/Desktop/show
2020-09-03 13:09:16,717 INFO o.a.j.JMeter: IP: 172.20.106.68 Name: bogon FullName: 172.20.106.68
2020-09-03 13:09:19,372 INFO o.a.j.g.a.LookAndFeelCommand: Installing Darcula LAF
2020-09-03 13:09:19,403 INFO o.a.j.g.a.LookAndFeelCommand: Using look and feel: com.bulenkov.darcula.DarculaLaf [Darcula]
2020-09-03 13:09:19,404 INFO o.a.j.JMeter: Setting LAF to: com.bulenkov.darcula.DarculaLaf
2020-09-03 13:09:19,575 INFO o.a.j.JMeter: Loaded icon properties from org/apache/jmeter/images/icon.properties
2020-09-03 13:09:23,505 INFO o.a.j.p.h.s.HTTPSamplerBase: Parser for text/html is org.apache.jmeter.protocol.http.parser.LagartoBasedHtmlParser
2020-09-03 13:09:23,507 INFO o.a.j.p.h.s.HTTPSamplerBase: Parser for application/xhtml+xml is org.apache.jmeter.protocol.http.parser.LagartoBasedHtmlParser
2020-09-03 13:09:23,507 INFO o.a.j.p.h.s.HTTPSamplerBase: Parser for application/xml is org.apache.jmeter.protocol.http.parser.LagartoBasedHtmlParser
2020-09-03 13:09:23,507 INFO o.a.j.p.h.s.HTTPSamplerBase: Parser for text/xml is org.apache.jmeter.protocol.http.parser.LagartoBasedHtmlParser
2020-09-03 13:09:23,508 INFO o.a.j.p.h.s.HTTPSamplerBase: Parser for text/vnd.wap.wml is org.apache.jmeter.protocol.http.parser.RegexpHTMLParser
2020-09-03 13:09:23,508 INFO o.a.j.p.h.s.HTTPSamplerBase: Parser for text/css is org.apache.jmeter.protocol.http.parser.CssParser
2020-09-03 13:09:24,274 INFO o.a.j.e.KeyToolUtils: keytool found at 'keytool'
2020-09-03 13:09:24,274 INFO o.a.j.p.h.p.ProxyControl: HTTP(S) Test Script Recorder SSL Proxy will use keys that support embedded 3rd party resources in file /Users/bjhl/Downloads/software/apache-jmeter-5.2.1/bin/proxyserver.jks
2020-09-03 13:09:24,513 INFO o.a.j.s.FileServer: Default base='/Users/bjhl/Desktop/show'
2020-09-03 13:09:24,950 INFO o.a.j.s.SampleResult: Note: Sample TimeStamps are START times
2020-09-03 13:09:24,950 INFO o.a.j.s.SampleResult: sampleresult.default.encoding is set to ISO-8859-1
2020-09-03 13:09:24,950 INFO o.a.j.s.SampleResult: sampleresult.useNanoTime=true
2020-09-03 13:09:24,950 INFO o.a.j.s.SampleResult: sampleresult.nanoThreadSleep=5000
2020-09-03 13:09:42,443 INFO o.a.j.g.a.Load: Loading file: /Users/bjhl/Desktop/圆途v1.2beta搜索接口压测计划.jmx
2020-09-03 13:09:42,444 INFO o.a.j.s.FileServer: Set new base='/Users/bjhl/Desktop'
2020-09-03 13:09:42,656 INFO o.a.j.s.SaveService: Testplan (JMX) version: 2.2. Testlog (JTL) version: 2.2
2020-09-03 13:09:42,668 INFO o.a.j.s.SaveService: Using SaveService properties file encoding UTF-8
2020-09-03 13:09:42,670 INFO o.a.j.s.SaveService: Using SaveService properties version 5.0
2020-09-03 13:09:42,675 INFO o.a.j.s.SaveService: Loading file: /Users/bjhl/Desktop/圆途v1.2beta搜索接口压测计划.jmx
2020-09-03 13:09:42,870 INFO o.a.j.s.FileServer: Set new base='/Users/bjhl/Desktop'
2020-09-03 13:14:31,059 INFO o.a.j.s.SampleEvent: List of sample_variables: []
